<?xml version="1.0" encoding="UTF-8"?>
<!-- Generated by org.testng.reporters.JUnitReportReporter -->
<testsuite hostname="DESKTOP-7OGS9KI" failures="0" tests="4" name="testCases.TC003_LoginDataDrivenTest" time="40.744" errors="0" timestamp="2024-09-23T16:54:18 IST" skipped="0">
  <testcase classname="testCases.TC003_LoginDataDrivenTest" name="verify_loginDDT" time="12.871"/>
  <testcase classname="testCases.TC003_LoginDataDrivenTest" name="verify_loginDDT" time="12.110"/>
  <testcase classname="testCases.TC003_LoginDataDrivenTest" name="verify_loginDDT" time="3.532"/>
  <testcase classname="testCases.TC003_LoginDataDrivenTest" name="verify_loginDDT" time="12.231"/>
</testsuite> <!-- testCases.TC003_LoginDataDrivenTest -->
